<?xml version="1.0" encoding="UTF-8"?>
<!-- Generated by org.testng.reporters.JUnitXMLReporter -->
<testsuite ignored="0" hostname="LAPTOP-Q23M30KF" failures="2" tests="14" name="Default test" time="33.226" errors="0" timestamp="2024-04-15T11:48:42 ICT">
  <testcase classname="test.kienlhpc05751.QuenMatKhau" name="TC_QLF_QuenMK1" time="3.144"/>
  <testcase classname="test.kienlhpc05751.QuenMatKhau" name="TC_QLF_QuenMK2" time="1.598"/>
  <testcase classname="test.kienlhpc05751.QuenMatKhau" name="TC_QLF_QuenMK3" time="1.252"/>
  <testcase classname="test.kienlhpc05751.QuenMatKhau" name="TC_QLF_QuenMK4" time="1.479"/>
  <testcase classname="test.kienlhpc05751.QuenMatKhau" name="TC_QLF_QuenMK5" time="5.269">
    <failure type="java.lang.AssertionError" message="expected [null] but found [Mã đã được gửi!]">
      <![CDATA[java.lang.AssertionError: expected [null] but found [Mã đã được gửi!]
at org.testng.Assert.fail(Assert.java:99)
at org.testng.Assert.failNotEquals(Assert.java:1037)
at org.testng.Assert.assertEqualsImpl(Assert.java:140)
at org.testng.Assert.assertEquals(Assert.java:122)
at org.testng.Assert.assertEquals(Assert.java:629)
at org.testng.Assert.assertEquals(Assert.java:639)
at test.kienlhpc05751.QuenMatKhau.TC_QLF_QuenMK5(QuenMatKhau.java:81)
at java.base/jdk.internal.reflect.DirectMethodHandleAccessor.invoke(DirectMethodHandleAccessor.java:103)
at java.base/java.lang.reflect.Method.invoke(Method.java:580)
at org.testng.internal.MethodInvocationHelper.invokeMethod(MethodInvocationHelper.java:133)
at org.testng.internal.TestInvoker.invokeMethod(TestInvoker.java:598)
at org.testng.internal.TestInvoker.invokeTestMethod(TestInvoker.java:173)
at org.testng.internal.MethodRunner.runInSequence(MethodRunner.java:46)
at org.testng.internal.TestInvoker$MethodInvocationAgent.invoke(TestInvoker.java:824)
at org.testng.internal.TestInvoker.invokeTestMethods(TestInvoker.java:146)
at org.testng.internal.TestMethodWorker.invokeTestMethods(TestMethodWorker.java:146)
at org.testng.internal.TestMethodWorker.run(TestMethodWorker.java:128)
at java.base/java.util.ArrayList.forEach(ArrayList.java:1596)
at org.testng.TestRunner.privateRun(TestRunner.java:794)
at org.testng.TestRunner.run(TestRunner.java:596)
at org.testng.SuiteRunner.runTest(SuiteRunner.java:377)
at org.testng.SuiteRunner.runSequentially(SuiteRunner.java:371)
at org.testng.SuiteRunner.privateRun(SuiteRunner.java:332)
at org.testng.SuiteRunner.run(SuiteRunner.java:276)
at org.testng.SuiteRunnerWorker.runSuite(SuiteRunnerWorker.java:53)
at org.testng.SuiteRunnerWorker.run(SuiteRunnerWorker.java:96)
at org.testng.TestNG.runSuitesSequentially(TestNG.java:1212)
at org.testng.TestNG.runSuitesLocally(TestNG.java:1134)
at org.testng.TestNG.runSuites(TestNG.java:1063)
at org.testng.TestNG.run(TestNG.java:1031)
at org.testng.remote.AbstractRemoteTestNG.run(AbstractRemoteTestNG.java:115)
at org.testng.remote.RemoteTestNG.initAndRun(RemoteTestNG.java:251)
at org.testng.remote.RemoteTestNG.main(RemoteTestNG.java:77)
]]>
    </failure>
  </testcase> <!-- TC_QLF_QuenMK5 -->
  <testcase classname="test.kienlhpc05751.QuenMatKhau" name="test_GuiMailThatBai" time="1.968">
    <failure type="java.lang.AssertionError" message="expected [null] but found [Lỗi khi gửi email. Vui lòng thử lại sau.]">
      <![CDATA[java.lang.AssertionError: expected [null] but found [Lỗi khi gửi email. Vui lòng thử lại sau.]
at org.testng.Assert.fail(Assert.java:99)
at org.testng.Assert.failNotEquals(Assert.java:1037)
at org.testng.Assert.assertEqualsImpl(Assert.java:140)
at org.testng.Assert.assertEquals(Assert.java:122)
at org.testng.Assert.assertEquals(Assert.java:629)
at org.testng.Assert.assertEquals(Assert.java:639)
at test.kienlhpc05751.QuenMatKhau.test_GuiMailThatBai(QuenMatKhau.java:92)
at java.base/jdk.internal.reflect.DirectMethodHandleAccessor.invoke(DirectMethodHandleAccessor.java:103)
at java.base/java.lang.reflect.Method.invoke(Method.java:580)
at org.testng.internal.MethodInvocationHelper.invokeMethod(MethodInvocationHelper.java:133)
at org.testng.internal.TestInvoker.invokeMethod(TestInvoker.java:598)
at org.testng.internal.TestInvoker.invokeTestMethod(TestInvoker.java:173)
at org.testng.internal.MethodRunner.runInSequence(MethodRunner.java:46)
at org.testng.internal.TestInvoker$MethodInvocationAgent.invoke(TestInvoker.java:824)
at org.testng.internal.TestInvoker.invokeTestMethods(TestInvoker.java:146)
at org.testng.internal.TestMethodWorker.invokeTestMethods(TestMethodWorker.java:146)
at org.testng.internal.TestMethodWorker.run(TestMethodWorker.java:128)
at java.base/java.util.ArrayList.forEach(ArrayList.java:1596)
at org.testng.TestRunner.privateRun(TestRunner.java:794)
at org.testng.TestRunner.run(TestRunner.java:596)
at org.testng.SuiteRunner.runTest(SuiteRunner.java:377)
at org.testng.SuiteRunner.runSequentially(SuiteRunner.java:371)
at org.testng.SuiteRunner.privateRun(SuiteRunner.java:332)
at org.testng.SuiteRunner.run(SuiteRunner.java:276)
at org.testng.SuiteRunnerWorker.runSuite(SuiteRunnerWorker.java:53)
at org.testng.SuiteRunnerWorker.run(SuiteRunnerWorker.java:96)
at org.testng.TestNG.runSuitesSequentially(TestNG.java:1212)
at org.testng.TestNG.runSuitesLocally(TestNG.java:1134)
at org.testng.TestNG.runSuites(TestNG.java:1063)
at org.testng.TestNG.run(TestNG.java:1031)
at org.testng.remote.AbstractRemoteTestNG.run(AbstractRemoteTestNG.java:115)
at org.testng.remote.RemoteTestNG.initAndRun(RemoteTestNG.java:251)
at org.testng.remote.RemoteTestNG.main(RemoteTestNG.java:77)
]]>
    </failure>
  </testcase> <!-- test_GuiMailThatBai -->
  <testcase classname="test.kienlhpc05751.QuenMatKhau" name="TC_QLF_QuenMK6" time="1.562"/>
  <testcase classname="test.kienlhpc05751.QuenMatKhau" name="TC_QLF_QuenMK7" time="1.661"/>
  <testcase classname="test.kienlhpc05751.QuenMatKhau" name="TC_QLF_QuenMK8" time="2.024"/>
  <testcase classname="test.kienlhpc05751.QuenMatKhau" name="TC_QLF_QuenMK9" time="1.617"/>
  <testcase classname="test.kienlhpc05751.QuenMatKhau" name="TC_QLF_QuenMK10" time="1.544"/>
  <testcase classname="test.kienlhpc05751.QuenMatKhau" name="TC_QLF_QuenMK11" time="3.934"/>
  <testcase classname="test.kienlhpc05751.QuenMatKhau" name="TC_QLF_QuenMK12" time="2.878"/>
  <testcase classname="test.kienlhpc05751.QuenMatKhau" name="TC_QLF_QuenMK13" time="2.674"/>
</testsuite> <!-- Default test -->
