<?xml version="1.0" encoding="UTF-8"?>
<testng-results ignored="0" total="3" passed="1" failed="2" skipped="0">
  <reporter-output>
  </reporter-output>
  <suite started-at="2024-04-16T17:00:12 ICT" name="Default suite" finished-at="2024-04-16T17:00:37 ICT" duration-ms="25050">
    <groups>
    </groups>
    <test started-at="2024-04-16T17:00:12 ICT" name="Default test" finished-at="2024-04-16T17:00:37 ICT" duration-ms="25050">
      <class name="test.phucptpc05587.TimKiemSanPham">
        <test-method is-config="true" signature="setUp()[pri:0, instance:test.phucptpc05587.TimKiemSanPham@c0c2f8d]" started-at="2024-04-16T17:00:12 ICT" name="setUp" finished-at="2024-04-16T17:00:18 ICT" duration-ms="5899" status="PASS">
          <reporter-output>
          </reporter-output>
        </test-method> <!-- setUp -->
        <test-method signature="testCaseTimKiemSanPham(java.lang.String,java.lang.String)[pri:0, instance:test.phucptpc05587.TimKiemSanPham@c0c2f8d]" started-at="2024-04-16T17:00:18 ICT" name="testCaseTimKiemSanPham" data-provider="dataSanPham" finished-at="2024-04-16T17:00:18 ICT" duration-ms="12" status="FAIL">
          <params>
            <param index="0">
              <value>
                <![CDATA[]]>
              </value>
            </param>
            <param index="1">
              <value>
                <![CDATA[Tìm kiếm thành công!]]>
              </value>
            </param>
          </params>
          <exception class="java.lang.NullPointerException">
            <message>
              <![CDATA[Cannot read field "txtFindTen" because "this.quanLySanPham" is null]]>
            </message>
            <full-stacktrace>
              <![CDATA[java.lang.NullPointerException: Cannot read field "txtFindTen" because "this.quanLySanPham" is null
at test.phucptpc05587.TimKiemSanPham.testCaseTimKiemSanPham(TimKiemSanPham.java:84)
at java.base/jdk.internal.reflect.DirectMethodHandleAccessor.invoke(DirectMethodHandleAccessor.java:104)
at java.base/java.lang.reflect.Method.invoke(Method.java:578)
at org.testng.internal.invokers.MethodInvocationHelper.invokeMethod(MethodInvocationHelper.java:139)
at org.testng.internal.invokers.TestInvoker.invokeMethod(TestInvoker.java:664)
at org.testng.internal.invokers.TestInvoker.invokeTestMethod(TestInvoker.java:228)
at org.testng.internal.invokers.MethodRunner.runInSequence(MethodRunner.java:63)
at org.testng.internal.invokers.TestInvoker$MethodInvocationAgent.invoke(TestInvoker.java:961)
at org.testng.internal.invokers.TestInvoker.invokeTestMethods(TestInvoker.java:201)
at org.testng.internal.invokers.TestMethodWorker.invokeTestMethods(TestMethodWorker.java:148)
at org.testng.internal.invokers.TestMethodWorker.run(TestMethodWorker.java:128)
at java.base/java.util.ArrayList.forEach(ArrayList.java:1511)
at org.testng.TestRunner.privateRun(TestRunner.java:819)
at org.testng.TestRunner.run(TestRunner.java:619)
at org.testng.SuiteRunner.runTest(SuiteRunner.java:443)
at org.testng.SuiteRunner.runSequentially(SuiteRunner.java:437)
at org.testng.SuiteRunner.privateRun(SuiteRunner.java:397)
at org.testng.SuiteRunner.run(SuiteRunner.java:336)
at org.testng.SuiteRunnerWorker.runSuite(SuiteRunnerWorker.java:52)
at org.testng.SuiteRunnerWorker.run(SuiteRunnerWorker.java:95)
at org.testng.TestNG.runSuitesSequentially(TestNG.java:1301)
at org.testng.TestNG.runSuitesLocally(TestNG.java:1228)
at org.testng.TestNG.runSuites(TestNG.java:1134)
at org.testng.TestNG.run(TestNG.java:1101)
at org.testng.remote.AbstractRemoteTestNG.run(AbstractRemoteTestNG.java:115)
at org.testng.remote.RemoteTestNG.initAndRun(RemoteTestNG.java:251)
at org.testng.remote.RemoteTestNG.main(RemoteTestNG.java:77)
]]>
            </full-stacktrace>
          </exception> <!-- java.lang.NullPointerException -->
          <reporter-output>
          </reporter-output>
        </test-method> <!-- testCaseTimKiemSanPham -->
        <test-method is-config="true" signature="logout()[pri:0, instance:test.phucptpc05587.TimKiemSanPham@c0c2f8d]" started-at="2024-04-16T17:00:18 ICT" name="logout" finished-at="2024-04-16T17:00:18 ICT" duration-ms="6" status="PASS">
          <reporter-output>
          </reporter-output>
        </test-method> <!-- logout -->
        <test-method is-config="true" signature="setUp()[pri:0, instance:test.phucptpc05587.TimKiemSanPham@c0c2f8d]" started-at="2024-04-16T17:00:18 ICT" name="setUp" finished-at="2024-04-16T17:00:23 ICT" duration-ms="4458" status="PASS">
          <reporter-output>
          </reporter-output>
        </test-method> <!-- setUp -->
        <test-method signature="testCaseTimKiemSanPham(java.lang.String,java.lang.String)[pri:0, instance:test.phucptpc05587.TimKiemSanPham@c0c2f8d]" started-at="2024-04-16T17:00:23 ICT" name="testCaseTimKiemSanPham" data-provider="dataSanPham" finished-at="2024-04-16T17:00:28 ICT" duration-ms="5035" status="PASS">
          <params>
            <param index="0">
              <value>
                <![CDATA[sp01]]>
              </value>
            </param>
            <param index="1">
              <value>
                <![CDATA[Tìm kiếm thành công!]]>
              </value>
            </param>
          </params>
          <reporter-output>
          </reporter-output>
        </test-method> <!-- testCaseTimKiemSanPham -->
        <test-method is-config="true" signature="logout()[pri:0, instance:test.phucptpc05587.TimKiemSanPham@c0c2f8d]" started-at="2024-04-16T17:00:28 ICT" name="logout" finished-at="2024-04-16T17:00:28 ICT" duration-ms="11" status="PASS">
          <reporter-output>
          </reporter-output>
        </test-method> <!-- logout -->
        <test-method is-config="true" signature="setUp()[pri:0, instance:test.phucptpc05587.TimKiemSanPham@c0c2f8d]" started-at="2024-04-16T17:00:28 ICT" name="setUp" finished-at="2024-04-16T17:00:32 ICT" duration-ms="4541" status="PASS">
          <reporter-output>
          </reporter-output>
        </test-method> <!-- setUp -->
        <test-method signature="testCaseTimKiemSanPham(java.lang.String,java.lang.String)[pri:0, instance:test.phucptpc05587.TimKiemSanPham@c0c2f8d]" started-at="2024-04-16T17:00:32 ICT" name="testCaseTimKiemSanPham" data-provider="dataSanPham" finished-at="2024-04-16T17:00:37 ICT" duration-ms="5034" status="FAIL">
          <params>
            <param index="0">
              <value>
                <![CDATA[123123]]>
              </value>
            </param>
            <param index="1">
              <value>
                <![CDATA[Tìm kiếm thất bại!]]>
              </value>
            </param>
          </params>
          <exception class="java.lang.AssertionError">
            <message>
              <![CDATA[expected [Tìm kiếm thất bại!] but found [Tìm kiếm thành công!]]]>
            </message>
            <full-stacktrace>
              <![CDATA[java.lang.AssertionError: expected [Tìm kiếm thất bại!] but found [Tìm kiếm thành công!]
at org.testng.Assert.fail(Assert.java:111)
at org.testng.Assert.failNotEquals(Assert.java:1578)
at org.testng.Assert.assertEqualsImpl(Assert.java:150)
at org.testng.Assert.assertEquals(Assert.java:132)
at org.testng.Assert.assertEquals(Assert.java:656)
at org.testng.Assert.assertEquals(Assert.java:666)
at test.phucptpc05587.TimKiemSanPham.testCaseTimKiemSanPham(TimKiemSanPham.java:103)
at java.base/jdk.internal.reflect.DirectMethodHandleAccessor.invoke(DirectMethodHandleAccessor.java:104)
at java.base/java.lang.reflect.Method.invoke(Method.java:578)
at org.testng.internal.invokers.MethodInvocationHelper.invokeMethod(MethodInvocationHelper.java:139)
at org.testng.internal.invokers.TestInvoker.invokeMethod(TestInvoker.java:664)
at org.testng.internal.invokers.TestInvoker.invokeTestMethod(TestInvoker.java:228)
at org.testng.internal.invokers.MethodRunner.runInSequence(MethodRunner.java:63)
at org.testng.internal.invokers.TestInvoker$MethodInvocationAgent.invoke(TestInvoker.java:961)
at org.testng.internal.invokers.TestInvoker.invokeTestMethods(TestInvoker.java:201)
at org.testng.internal.invokers.TestMethodWorker.invokeTestMethods(TestMethodWorker.java:148)
at org.testng.internal.invokers.TestMethodWorker.run(TestMethodWorker.java:128)
at java.base/java.util.ArrayList.forEach(ArrayList.java:1511)
at org.testng.TestRunner.privateRun(TestRunner.java:819)
at org.testng.TestRunner.run(TestRunner.java:619)
at org.testng.SuiteRunner.runTest(SuiteRunner.java:443)
at org.testng.SuiteRunner.runSequentially(SuiteRunner.java:437)
at org.testng.SuiteRunner.privateRun(SuiteRunner.java:397)
at org.testng.SuiteRunner.run(SuiteRunner.java:336)
at org.testng.SuiteRunnerWorker.runSuite(SuiteRunnerWorker.java:52)
at org.testng.SuiteRunnerWorker.run(SuiteRunnerWorker.java:95)
at org.testng.TestNG.runSuitesSequentially(TestNG.java:1301)
at org.testng.TestNG.runSuitesLocally(TestNG.java:1228)
at org.testng.TestNG.runSuites(TestNG.java:1134)
at org.testng.TestNG.run(TestNG.java:1101)
at org.testng.remote.AbstractRemoteTestNG.run(AbstractRemoteTestNG.java:115)
at org.testng.remote.RemoteTestNG.initAndRun(RemoteTestNG.java:251)
at org.testng.remote.RemoteTestNG.main(RemoteTestNG.java:77)
]]>
            </full-stacktrace>
          </exception> <!-- java.lang.AssertionError -->
          <reporter-output>
          </reporter-output>
        </test-method> <!-- testCaseTimKiemSanPham -->
        <test-method is-config="true" signature="logout()[pri:0, instance:test.phucptpc05587.TimKiemSanPham@c0c2f8d]" started-at="2024-04-16T17:00:37 ICT" name="logout" finished-at="2024-04-16T17:00:37 ICT" duration-ms="10" status="PASS">
          <reporter-output>
          </reporter-output>
        </test-method> <!-- logout -->
      </class> <!-- test.phucptpc05587.TimKiemSanPham -->
    </test> <!-- Default test -->
  </suite> <!-- Default suite -->
</testng-results>
